Analysis & Synthesis report for EPT_4CE6_AF_D1_Top
Mon Nov 02 14:19:02 2015
Quartus II 64-Bit Version 15.0.0 Build 145 04/22/2015 SJ Web Edition


---------------------
; Table of Contents ;
---------------------
  1. Legal Notice
  2. Analysis & Synthesis Summary
  3. Analysis & Synthesis Settings
  4. Parallel Compilation
  5. Analysis & Synthesis Source Files Read
  6. Analysis & Synthesis Resource Usage Summary
  7. Analysis & Synthesis Resource Utilization by Entity
  8. Analysis & Synthesis RAM Summary
  9. State Machine - |EPT_4CE6_AF_D1_Top|state_block_loopback
 10. State Machine - |EPT_4CE6_AF_D1_Top|block_transfer_out_state
 11. State Machine - |EPT_4CE6_AF_D1_Top|transfer_to_host_state
 12. User-Specified and Inferred Latches
 13. Logic Cells Representing Combinational Loops
 14. Registers Removed During Synthesis
 15. Removed Registers Triggering Further Register Optimizations
 16. General Register Statistics
 17. Inverted Register Statistics
 18. Registers Added for RAM Pass-Through Logic
 19. Multiplexer Restructuring Statistics (Restructuring Performed)
 20. Source assignments for altsyncram:mem_array_rtl_0|altsyncram_psd1:auto_generated
 21. Parameter Settings for User Entity Instance: Top-level Entity: |EPT_4CE6_AF_D1_Top
 22. Parameter Settings for User Entity Instance: active_transfer_library:ACTIVE_TRANSFER_LIBRARY_INST|ft_245_state_machine:FT_245_STATE_MACHINE_INST
 23. Parameter Settings for User Entity Instance: eptWireOR:wireOR
 24. Parameter Settings for Inferred Entity Instance: altsyncram:mem_array_rtl_0
 25. altsyncram Parameter Settings by Entity Instance
 26. Port Connectivity Checks: "active_transfer_library:ACTIVE_TRANSFER_LIBRARY_INST|ft_245_state_machine:FT_245_STATE_MACHINE_INST"
 27. Post-Synthesis Netlist Statistics for Top Partition
 28. Elapsed Time Per Partition
 29. Analysis & Synthesis Messages
 30. Analysis & Synthesis Suppressed Messages



----------------
; Legal Notice ;
----------------
Copyright (C) 1991-2015 Altera Corporation. All rights reserved.
Your use of Altera Corporation's design tools, logic functions 
and other software and tools, and its AMPP partner logic 
functions, and any output files from any of the foregoing 
(including device programming or simulation files), and any 
associated documentation or information are expressly subject 
to the terms and conditions of the Altera Program License 
Subscription Agreement, the Altera Quartus II License Agreement,
the Altera MegaCore Function License Agreement, or other 
applicable license agreement, including, without limitation, 
that your use is for the sole purpose of programming logic 
devices manufactured by Altera and sold by Altera or its 
authorized distributors.  Please refer to the applicable 
agreement for further details.



+---------------------------------------------------------------------------------+
; Analysis & Synthesis Summary                                                    ;
+------------------------------------+--------------------------------------------+
; Analysis & Synthesis Status        ; Successful - Mon Nov 02 14:19:02 2015      ;
; Quartus II 64-Bit Version          ; 15.0.0 Build 145 04/22/2015 SJ Web Edition ;
; Revision Name                      ; EPT_4CE6_AF_D1_Top                         ;
; Top-level Entity Name              ; EPT_4CE6_AF_D1_Top                         ;
; Family                             ; Cyclone IV E                               ;
; Total logic elements               ; 749                                        ;
;     Total combinational functions  ; 593                                        ;
;     Dedicated logic registers      ; 411                                        ;
; Total registers                    ; 411                                        ;
; Total pins                         ; 86                                         ;
; Total virtual pins                 ; 0                                          ;
; Total memory bits                  ; 2,048                                      ;
; Embedded Multiplier 9-bit elements ; 0                                          ;
; Total PLLs                         ; 0                                          ;
+------------------------------------+--------------------------------------------+


+----------------------------------------------------------------------------------------------------------------------+
; Analysis & Synthesis Settings                                                                                        ;
+----------------------------------------------------------------------------+--------------------+--------------------+
; Option                                                                     ; Setting            ; Default Value      ;
+----------------------------------------------------------------------------+--------------------+--------------------+
; Device                                                                     ; EP4CE6E22C8        ;                    ;
; Top-level entity name                                                      ; EPT_4CE6_AF_D1_Top ; EPT_4CE6_AF_D1_Top ;
; Family name                                                                ; Cyclone IV E       ; Cyclone IV GX      ;
; Use smart compilation                                                      ; Off                ; Off                ;
; Enable parallel Assembler and TimeQuest Timing Analyzer during compilation ; On                 ; On                 ;
; Enable compact report table                                                ; Off                ; Off                ;
; Restructure Multiplexers                                                   ; Auto               ; Auto               ;
; Create Debugging Nodes for IP Cores                                        ; Off                ; Off                ;
; Preserve fewer node names                                                  ; On                 ; On                 ;
; Disable OpenCore Plus hardware evaluation                                  ; Off                ; Off                ;
; Verilog Version                                                            ; Verilog_2001       ; Verilog_2001       ;
; VHDL Version                                                               ; VHDL_1993          ; VHDL_1993          ;
; State Machine Processing                                                   ; Auto               ; Auto               ;
; Safe State Machine                                                         ; Off                ; Off                ;
; Extract Verilog State Machines                                             ; On                 ; On                 ;
; Extract VHDL State Machines                                                ; On                 ; On                 ;
; Ignore Verilog initial constructs                                          ; Off                ; Off                ;
; Iteration limit for constant Verilog loops                                 ; 5000               ; 5000               ;
; Iteration limit for non-constant Verilog loops                             ; 250                ; 250                ;
; Add Pass-Through Logic to Inferred RAMs                                    ; On                 ; On                 ;
; Infer RAMs from Raw Logic                                                  ; On                 ; On                 ;
; Parallel Synthesis                                                         ; On                 ; On                 ;
; DSP Block Balancing                                                        ; Auto               ; Auto               ;
; NOT Gate Push-Back                                                         ; On                 ; On                 ;
; Power-Up Don't Care                                                        ; On                 ; On                 ;
; Remove Redundant Logic Cells                                               ; Off                ; Off                ;
; Remove Duplicate Registers                                                 ; On                 ; On                 ;
; Ignore CARRY Buffers                                                       ; Off                ; Off                ;
; Ignore CASCADE Buffers                                                     ; Off                ; Off                ;
; Ignore GLOBAL Buffers                                                      ; Off                ; Off                ;
; Ignore ROW GLOBAL Buffers                                                  ; Off                ; Off                ;
; Ignore LCELL Buffers                                                       ; Off                ; Off                ;
; Ignore SOFT Buffers                                                        ; On                 ; On                 ;
; Limit AHDL Integers to 32 Bits                                             ; Off                ; Off                ;
; Optimization Technique                                                     ; Balanced           ; Balanced           ;
; Carry Chain Length                                                         ; 70                 ; 70                 ;
; Auto Carry Chains                                                          ; On                 ; On                 ;
; Auto Open-Drain Pins                                                       ; On                 ; On                 ;
; Perform WYSIWYG Primitive Resynthesis                                      ; Off                ; Off                ;
; Auto ROM Replacement                                                       ; On                 ; On                 ;
; Auto RAM Replacement                                                       ; On                 ; On                 ;
; Auto DSP Block Replacement                                                 ; On                 ; On                 ;
; Auto Shift Register Replacement                                            ; Auto               ; Auto               ;
; Allow Shift Register Merging across Hierarchies                            ; Auto               ; Auto               ;
; Auto Clock Enable Replacement                                              ; On                 ; On                 ;
; Strict RAM Replacement                                                     ; Off                ; Off                ;
; Allow Synchronous Control Signals                                          ; On                 ; On                 ;
; Force Use of Synchronous Clear Signals                                     ; Off                ; Off                ;
; Auto RAM Block Balancing                                                   ; On                 ; On                 ;
; Auto RAM to Logic Cell Conversion                                          ; Off                ; Off                ;
; Auto Resource Sharing                                                      ; Off                ; Off                ;
; Allow Any RAM Size For Recognition                                         ; Off                ; Off                ;
; Allow Any ROM Size For Recognition                                         ; Off                ; Off                ;
; Allow Any Shift Register Size For Recognition                              ; Off                ; Off                ;
; Use LogicLock Constraints during Resource Balancing                        ; On                 ; On                 ;
; Ignore translate_off and synthesis_off directives                          ; Off                ; Off                ;
; Timing-Driven Synthesis                                                    ; On                 ; On                 ;
; Report Parameter Settings                                                  ; On                 ; On                 ;
; Report Source Assignments                                                  ; On                 ; On                 ;
; Report Connectivity Checks                                                 ; On                 ; On                 ;
; Ignore Maximum Fan-Out Assignments                                         ; Off                ; Off                ;
; Synchronization Register Chain Length                                      ; 2                  ; 2                  ;
; PowerPlay Power Optimization During Synthesis                              ; Normal compilation ; Normal compilation ;
; HDL message level                                                          ; Level2             ; Level2             ;
; Suppress Register Optimization Related Messages                            ; Off                ; Off                ;
; Number of Removed Registers Reported in Synthesis Report                   ; 5000               ; 5000               ;
; Number of Swept Nodes Reported in Synthesis Report                         ; 5000               ; 5000               ;
; Number of Inverted Registers Reported in Synthesis Report                  ; 100                ; 100                ;
; Clock MUX Protection                                                       ; On                 ; On                 ;
; Auto Gated Clock Conversion                                                ; Off                ; Off                ;
; Block Design Naming                                                        ; Auto               ; Auto               ;
; SDC constraint protection                                                  ; Off                ; Off                ;
; Synthesis Effort                                                           ; Auto               ; Auto               ;
; Shift Register Replacement - Allow Asynchronous Clear Signal               ; On                 ; On                 ;
; Pre-Mapping Resynthesis Optimization                                       ; Off                ; Off                ;
; Analysis & Synthesis Message Level                                         ; Medium             ; Medium             ;
; Disable Register Merging Across Hierarchies                                ; Auto               ; Auto               ;
; Resource Aware Inference For Block RAM                                     ; On                 ; On                 ;
; Synthesis Seed                                                             ; 1                  ; 1                  ;
+----------------------------------------------------------------------------+--------------------+--------------------+


+------------------------------------------+
; Parallel Compilation                     ;
+----------------------------+-------------+
; Processors                 ; Number      ;
+----------------------------+-------------+
; Number detected on machine ; 4           ;
; Maximum allowed            ; 4           ;
;                            ;             ;
; Average used               ; 1.00        ;
; Maximum used               ; 1           ;
;                            ;             ;
; Usage by Processor         ; % Time Used ;
;     Processor 1            ; 100.0%      ;
;     Processors 2-4         ;   0.0%      ;
+----------------------------+-------------+


+-----------------------------------------------------------------------------------------------------------------------------------------------------------------------------------------------------------------------------------------------------------------------+
; Analysis & Synthesis Source Files Read                                                                                                                                                                                                                                ;
+------------------------------------+-----------------+------------------------------------+-----------------------------------------------------------------------------------------------------------------------------------------------------------------+---------+
; File Name with User-Entered Path   ; Used in Netlist ; File Type                          ; File Name with Absolute Path                                                                                                                                    ; Library ;
+------------------------------------+-----------------+------------------------------------+-----------------------------------------------------------------------------------------------------------------------------------------------------------------+---------+
; ../src/lfsr.v                      ; yes             ; User Verilog HDL File              ; C:/Jolly/Products/Earth People Technology/DUEPROLOGIC_USB_FPGA_PROJECT_1.2_DVD/Projects_HDL/EPT_4CE6_AF_Transfer_Demo/src/lfsr.v                                ;         ;
; ../src/mux.v                       ; yes             ; User Verilog HDL File              ; C:/Jolly/Products/Earth People Technology/DUEPROLOGIC_USB_FPGA_PROJECT_1.2_DVD/Projects_HDL/EPT_4CE6_AF_Transfer_Demo/src/mux.v                                 ;         ;
; ../src/active_trigger.vqm          ; yes             ; User Verilog Quartus Mapping File  ; C:/Jolly/Products/Earth People Technology/DUEPROLOGIC_USB_FPGA_PROJECT_1.2_DVD/Projects_HDL/EPT_4CE6_AF_Transfer_Demo/src/active_trigger.vqm                    ;         ;
; ../src/flipflop.v                  ; yes             ; User Verilog HDL File              ; C:/Jolly/Products/Earth People Technology/DUEPROLOGIC_USB_FPGA_PROJECT_1.2_DVD/Projects_HDL/EPT_4CE6_AF_Transfer_Demo/src/flipflop.v                            ;         ;
; ../src/ft_245_state_machine.v      ; yes             ; User Verilog HDL File              ; C:/Jolly/Products/Earth People Technology/DUEPROLOGIC_USB_FPGA_PROJECT_1.2_DVD/Projects_HDL/EPT_4CE6_AF_Transfer_Demo/src/ft_245_state_machine.v                ;         ;
; ../src/endpoint_registers.vqm      ; yes             ; User Verilog Quartus Mapping File  ; C:/Jolly/Products/Earth People Technology/DUEPROLOGIC_USB_FPGA_PROJECT_1.2_DVD/Projects_HDL/EPT_4CE6_AF_Transfer_Demo/src/endpoint_registers.vqm                ;         ;
; ../src/active_transfer_library.v   ; yes             ; User Verilog HDL File              ; C:/Jolly/Products/Earth People Technology/DUEPROLOGIC_USB_FPGA_PROJECT_1.2_DVD/Projects_HDL/EPT_4CE6_AF_Transfer_Demo/src/active_transfer_library.v             ;         ;
; ../src/active_transfer.vqm         ; yes             ; User Verilog Quartus Mapping File  ; C:/Jolly/Products/Earth People Technology/DUEPROLOGIC_USB_FPGA_PROJECT_1.2_DVD/Projects_HDL/EPT_4CE6_AF_Transfer_Demo/src/active_transfer.vqm                   ;         ;
; ../src/active_control_register.vqm ; yes             ; User Verilog Quartus Mapping File  ; C:/Jolly/Products/Earth People Technology/DUEPROLOGIC_USB_FPGA_PROJECT_1.2_DVD/Projects_HDL/EPT_4CE6_AF_Transfer_Demo/src/active_control_register.vqm           ;         ;
; ../src/active_block.vqm            ; yes             ; User Verilog Quartus Mapping File  ; C:/Jolly/Products/Earth People Technology/DUEPROLOGIC_USB_FPGA_PROJECT_1.2_DVD/Projects_HDL/EPT_4CE6_AF_Transfer_Demo/src/active_block.vqm                      ;         ;
; ../src/eptWireOR.v                 ; yes             ; User Verilog HDL File              ; C:/Jolly/Products/Earth People Technology/DUEPROLOGIC_USB_FPGA_PROJECT_1.2_DVD/Projects_HDL/EPT_4CE6_AF_Transfer_Demo/src/eptWireOR.v                           ;         ;
; ../src/EPT_4CE6_AF_D1_Top.v        ; yes             ; User Verilog HDL File              ; C:/Jolly/Products/Earth People Technology/DUEPROLOGIC_USB_FPGA_PROJECT_1.2_DVD/Projects_HDL/EPT_4CE6_AF_Transfer_Demo/src/EPT_4CE6_AF_D1_Top.v                  ;         ;
; ../src/define.v                    ; yes             ; User Verilog HDL File              ; C:/Jolly/Products/Earth People Technology/DUEPROLOGIC_USB_FPGA_PROJECT_1.2_DVD/Projects_HDL/EPT_4CE6_AF_Transfer_Demo/src/define.v                              ;         ;
; altsyncram.tdf                     ; yes             ; Megafunction                       ; c:/altera/15.0/quartus/libraries/megafunctions/altsyncram.tdf                                                                                                   ;         ;
; stratix_ram_block.inc              ; yes             ; Megafunction                       ; c:/altera/15.0/quartus/libraries/megafunctions/stratix_ram_block.inc                                                                                            ;         ;
; lpm_mux.inc                        ; yes             ; Megafunction                       ; c:/altera/15.0/quartus/libraries/megafunctions/lpm_mux.inc                                                                                                      ;         ;
; lpm_decode.inc                     ; yes             ; Megafunction                       ; c:/altera/15.0/quartus/libraries/megafunctions/lpm_decode.inc                                                                                                   ;         ;
; aglobal150.inc                     ; yes             ; Megafunction                       ; c:/altera/15.0/quartus/libraries/megafunctions/aglobal150.inc                                                                                                   ;         ;
; a_rdenreg.inc                      ; yes             ; Megafunction                       ; c:/altera/15.0/quartus/libraries/megafunctions/a_rdenreg.inc                                                                                                    ;         ;
; altrom.inc                         ; yes             ; Megafunction                       ; c:/altera/15.0/quartus/libraries/megafunctions/altrom.inc                                                                                                       ;         ;
; altram.inc                         ; yes             ; Megafunction                       ; c:/altera/15.0/quartus/libraries/megafunctions/altram.inc                                                                                                       ;         ;
; altdpram.inc                       ; yes             ; Megafunction                       ; c:/altera/15.0/quartus/libraries/megafunctions/altdpram.inc                                                                                                     ;         ;
; db/altsyncram_psd1.tdf             ; yes             ; Auto-Generated Megafunction        ; C:/Jolly/Products/Earth People Technology/DUEPROLOGIC_USB_FPGA_PROJECT_1.2_DVD/Projects_HDL/EPT_4CE6_AF_Transfer_Demo/EPT_4CE6_AF_D1_Top/db/altsyncram_psd1.tdf ;         ;
+------------------------------------+-----------------+------------------------------------+-----------------------------------------------------------------------------------------------------------------------------------------------------------------+---------+


+-----------------------------------------------------------+
; Analysis & Synthesis Resource Usage Summary               ;
+---------------------------------------------+-------------+
; Resource                                    ; Usage       ;
+---------------------------------------------+-------------+
; Estimated Total logic elements              ; 749         ;
;                                             ;             ;
; Total combinational functions               ; 593         ;
; Logic element usage by number of LUT inputs ;             ;
;     -- 4 input functions                    ; 203         ;
;     -- 3 input functions                    ; 155         ;
;     -- <=2 input functions                  ; 235         ;
;                                             ;             ;
; Logic elements by mode                      ;             ;
;     -- normal mode                          ; 447         ;
;     -- arithmetic mode                      ; 146         ;
;                                             ;             ;
; Total registers                             ; 411         ;
;     -- Dedicated logic registers            ; 411         ;
;     -- I/O registers                        ; 0           ;
;                                             ;             ;
; I/O pins                                    ; 86          ;
; Total memory bits                           ; 2048        ;
;                                             ;             ;
; Embedded Multiplier 9-bit elements          ; 0           ;
;                                             ;             ;
; Maximum fan-out node                        ; aa[1]~input ;
; Maximum fan-out                             ; 419         ;
; Total fan-out                               ; 3642        ;
; Average fan-out                             ; 2.96        ;
+---------------------------------------------+-------------+


+----------------------------------------------------------------------------------------------------------------------------------------------------------------------------------------------------------------------------------------------------------------------------------------------------------------+
; Analysis & Synthesis Resource Utilization by Entity                                                                                                                                                                                                                                                            ;
+-----------------------------------------------------------+-------------------+--------------+-------------+--------------+---------+-----------+------+--------------+-------------------------------------------------------------------------------------------------------------------------+--------------+
; Compilation Hierarchy Node                                ; LC Combinationals ; LC Registers ; Memory Bits ; DSP Elements ; DSP 9x9 ; DSP 18x18 ; Pins ; Virtual Pins ; Full Hierarchy Name                                                                                                     ; Library Name ;
+-----------------------------------------------------------+-------------------+--------------+-------------+--------------+---------+-----------+------+--------------+-------------------------------------------------------------------------------------------------------------------------+--------------+
; |EPT_4CE6_AF_D1_Top                                       ; 593 (200)         ; 411 (166)    ; 2048        ; 0            ; 0       ; 0         ; 86   ; 0            ; |EPT_4CE6_AF_D1_Top                                                                                                     ; work         ;
;    |active_block:BLOCK_TRANSFER_INST|                     ; 70 (70)           ; 52 (52)      ; 0           ; 0            ; 0       ; 0         ; 0    ; 0            ; |EPT_4CE6_AF_D1_Top|active_block:BLOCK_TRANSFER_INST                                                                    ; work         ;
;    |active_control_register:ACTIVE_CONTROL_REG_INST|      ; 12 (12)           ; 13 (13)      ; 0           ; 0            ; 0       ; 0         ; 0    ; 0            ; |EPT_4CE6_AF_D1_Top|active_control_register:ACTIVE_CONTROL_REG_INST                                                     ; work         ;
;    |active_transfer:ACTIVE_TRANSFER_INST_1|               ; 13 (13)           ; 17 (17)      ; 0           ; 0            ; 0       ; 0         ; 0    ; 0            ; |EPT_4CE6_AF_D1_Top|active_transfer:ACTIVE_TRANSFER_INST_1                                                              ; work         ;
;    |active_transfer:ACTIVE_TRANSFER_INST_2|               ; 18 (18)           ; 18 (18)      ; 0           ; 0            ; 0       ; 0         ; 0    ; 0            ; |EPT_4CE6_AF_D1_Top|active_transfer:ACTIVE_TRANSFER_INST_2                                                              ; work         ;
;    |active_transfer_library:ACTIVE_TRANSFER_LIBRARY_INST| ; 215 (0)           ; 126 (0)      ; 0           ; 0            ; 0       ; 0         ; 0    ; 0            ; |EPT_4CE6_AF_D1_Top|active_transfer_library:ACTIVE_TRANSFER_LIBRARY_INST                                                ; work         ;
;       |endpoint_registers:ENDPOINT_REGISTERS_INST|        ; 166 (166)         ; 104 (104)    ; 0           ; 0            ; 0       ; 0         ; 0    ; 0            ; |EPT_4CE6_AF_D1_Top|active_transfer_library:ACTIVE_TRANSFER_LIBRARY_INST|endpoint_registers:ENDPOINT_REGISTERS_INST     ; work         ;
;       |ft_245_state_machine:FT_245_STATE_MACHINE_INST|    ; 49 (49)           ; 22 (22)      ; 0           ; 0            ; 0       ; 0         ; 0    ; 0            ; |EPT_4CE6_AF_D1_Top|active_transfer_library:ACTIVE_TRANSFER_LIBRARY_INST|ft_245_state_machine:FT_245_STATE_MACHINE_INST ; work         ;
;    |active_trigger:ACTIVE_TRIGGER_INST|                   ; 51 (51)           ; 15 (15)      ; 0           ; 0            ; 0       ; 0         ; 0    ; 0            ; |EPT_4CE6_AF_D1_Top|active_trigger:ACTIVE_TRIGGER_INST                                                                  ; work         ;
;    |altsyncram:mem_array_rtl_0|                           ; 0 (0)             ; 0 (0)        ; 2048        ; 0            ; 0       ; 0         ; 0    ; 0            ; |EPT_4CE6_AF_D1_Top|altsyncram:mem_array_rtl_0                                                                          ; work         ;
;       |altsyncram_psd1:auto_generated|                    ; 0 (0)             ; 0 (0)        ; 2048        ; 0            ; 0       ; 0         ; 0    ; 0            ; |EPT_4CE6_AF_D1_Top|altsyncram:mem_array_rtl_0|altsyncram_psd1:auto_generated                                           ; work         ;
;    |eptWireOR:wireOR|                                     ; 9 (9)             ; 0 (0)        ; 0           ; 0            ; 0       ; 0         ; 0    ; 0            ; |EPT_4CE6_AF_D1_Top|eptWireOR:wireOR                                                                                    ; work         ;
;    |lfsr:LFSR_INST|                                       ; 5 (1)             ; 4 (0)        ; 0           ; 0            ; 0       ; 0         ; 0    ; 0            ; |EPT_4CE6_AF_D1_Top|lfsr:LFSR_INST                                                                                      ; work         ;
;       |flipflop:F[0]|                                     ; 0 (0)             ; 1 (1)        ; 0           ; 0            ; 0       ; 0         ; 0    ; 0            ; |EPT_4CE6_AF_D1_Top|lfsr:LFSR_INST|flipflop:F[0]                                                                        ; work         ;
;       |flipflop:F[1]|                                     ; 0 (0)             ; 1 (1)        ; 0           ; 0            ; 0       ; 0         ; 0    ; 0            ; |EPT_4CE6_AF_D1_Top|lfsr:LFSR_INST|flipflop:F[1]                                                                        ; work         ;
;       |flipflop:F[2]|                                     ; 0 (0)             ; 1 (1)        ; 0           ; 0            ; 0       ; 0         ; 0    ; 0            ; |EPT_4CE6_AF_D1_Top|lfsr:LFSR_INST|flipflop:F[2]                                                                        ; work         ;
;       |flipflop:F[3]|                                     ; 0 (0)             ; 1 (1)        ; 0           ; 0            ; 0       ; 0         ; 0    ; 0            ; |EPT_4CE6_AF_D1_Top|lfsr:LFSR_INST|flipflop:F[3]                                                                        ; work         ;
;       |mux:M1[0]|                                         ; 1 (1)             ; 0 (0)        ; 0           ; 0            ; 0       ; 0         ; 0    ; 0            ; |EPT_4CE6_AF_D1_Top|lfsr:LFSR_INST|mux:M1[0]                                                                            ; work         ;
;       |mux:M1[1]|                                         ; 1 (1)             ; 0 (0)        ; 0           ; 0            ; 0       ; 0         ; 0    ; 0            ; |EPT_4CE6_AF_D1_Top|lfsr:LFSR_INST|mux:M1[1]                                                                            ; work         ;
;       |mux:M1[2]|                                         ; 1 (1)             ; 0 (0)        ; 0           ; 0            ; 0       ; 0         ; 0    ; 0            ; |EPT_4CE6_AF_D1_Top|lfsr:LFSR_INST|mux:M1[2]                                                                            ; work         ;
;       |mux:M1[3]|                                         ; 1 (1)             ; 0 (0)        ; 0           ; 0            ; 0       ; 0         ; 0    ; 0            ; |EPT_4CE6_AF_D1_Top|lfsr:LFSR_INST|mux:M1[3]                                                                            ; work         ;
+-----------------------------------------------------------+-------------------+--------------+-------------+--------------+---------+-----------+------+--------------+-------------------------------------------------------------------------------------------------------------------------+--------------+
Note: For table entries with two numbers listed, the numbers in parentheses indicate the number of resources of the given type used by the specific entity alone. The numbers listed outside of parentheses indicate the total resources of the given type used by the specific entity and all of its sub-entities in the hierarchy.


+--------------------------------------------------------------------------------------------------------------------------------------------------------------------------+
; Analysis & Synthesis RAM Summary                                                                                                                                         ;
+----------------------------------------------------------------------+------+------------------+--------------+--------------+--------------+--------------+------+------+
; Name                                                                 ; Type ; Mode             ; Port A Depth ; Port A Width ; Port B Depth ; Port B Width ; Size ; MIF  ;
+----------------------------------------------------------------------+------+------------------+--------------+--------------+--------------+--------------+------+------+
; altsyncram:mem_array_rtl_0|altsyncram_psd1:auto_generated|ALTSYNCRAM ; AUTO ; Simple Dual Port ; 256          ; 8            ; 256          ; 8            ; 2048 ; None ;
+----------------------------------------------------------------------+------+------------------+--------------+--------------+--------------+--------------+------+------+


Encoding Type:  One-Hot
+-------------------------------------------------------------------------------------------------------------------------------------------------------------------------------------------------------+
; State Machine - |EPT_4CE6_AF_D1_Top|state_block_loopback                                                                                                                                              ;
+------------------------------------------+-----------------------------------+------------------------------------------+------------------------------------------+----------------------------------+
; Name                                     ; state_block_loopback.FIFO_EN_HIGH ; state_block_loopback.BLOCK_LOOPBACK_INIT ; state_block_loopback.BLOCK_LOOPBACK_IDLE ; state_block_loopback.FIFO_EN_LOW ;
+------------------------------------------+-----------------------------------+------------------------------------------+------------------------------------------+----------------------------------+
; state_block_loopback.BLOCK_LOOPBACK_IDLE ; 0                                 ; 0                                        ; 0                                        ; 0                                ;
; state_block_loopback.BLOCK_LOOPBACK_INIT ; 0                                 ; 1                                        ; 1                                        ; 0                                ;
; state_block_loopback.FIFO_EN_HIGH        ; 1                                 ; 0                                        ; 1                                        ; 0                                ;
; state_block_loopback.FIFO_EN_LOW         ; 0                                 ; 0                                        ; 1                                        ; 1                                ;
+------------------------------------------+-----------------------------------+------------------------------------------+------------------------------------------+----------------------------------+


Encoding Type:  One-Hot
+---------------------------------------------------------------------------------------------------+
; State Machine - |EPT_4CE6_AF_D1_Top|block_transfer_out_state                                      ;
+-------------------------------------------------+-------------------------------------------------+
; Name                                            ; block_transfer_out_state.BLK_TRANSFER_OUT_COUNT ;
+-------------------------------------------------+-------------------------------------------------+
; block_transfer_out_state.BLK_TRANSFER_OUT_IDLE  ; 0                                               ;
; block_transfer_out_state.BLK_TRANSFER_OUT_COUNT ; 1                                               ;
+-------------------------------------------------+-------------------------------------------------+


Encoding Type:  One-Hot
+-------------------------------------------------------------------------------------------------------------------------------------------------------------------------------------------------------------------+
; State Machine - |EPT_4CE6_AF_D1_Top|transfer_to_host_state                                                                                                                                                        ;
+--------------------------------------------------------+--------------------------------------------------------+-------------------------------------------+-----------------------------------------------------+
; Name                                                   ; transfer_to_host_state.TRANSFER_HOST_LOOPBACK_COMPLETE ; transfer_to_host_state.TRANSFER_HOST_IDLE ; transfer_to_host_state.TRANSFER_HOST_LOOPBACK_START ;
+--------------------------------------------------------+--------------------------------------------------------+-------------------------------------------+-----------------------------------------------------+
; transfer_to_host_state.TRANSFER_HOST_IDLE              ; 0                                                      ; 0                                         ; 0                                                   ;
; transfer_to_host_state.TRANSFER_HOST_LOOPBACK_START    ; 0                                                      ; 1                                         ; 1                                                   ;
; transfer_to_host_state.TRANSFER_HOST_LOOPBACK_COMPLETE ; 1                                                      ; 1                                         ; 0                                                   ;
+--------------------------------------------------------+--------------------------------------------------------+-------------------------------------------+-----------------------------------------------------+


+--------------------------------------------------------------------------------------------------------------------------------------------------------------------------------------------------------------------------------------------------------------------+
; User-Specified and Inferred Latches                                                                                                                                                                                                                                ;
+----------------------------------------------------------------------------------------------------------------------------+--------------------------------------------------------------------------------------------------------------+------------------------+
; Latch Name                                                                                                                 ; Latch Enable Signal                                                                                          ; Free of Timing Hazards ;
+----------------------------------------------------------------------------------------------------------------------------+--------------------------------------------------------------------------------------------------------------+------------------------+
; active_transfer_library:ACTIVE_TRANSFER_LIBRARY_INST|ft_245_state_machine:FT_245_STATE_MACHINE_INST|USB_RD_N               ; GND                                                                                                          ; yes                    ;
; active_transfer_library:ACTIVE_TRANSFER_LIBRARY_INST|ft_245_state_machine:FT_245_STATE_MACHINE_INST|USB_REGISTER_DECODE[6] ; active_transfer_library:ACTIVE_TRANSFER_LIBRARY_INST|ft_245_state_machine:FT_245_STATE_MACHINE_INST|state[1] ; yes                    ;
; active_transfer_library:ACTIVE_TRANSFER_LIBRARY_INST|ft_245_state_machine:FT_245_STATE_MACHINE_INST|USB_REGISTER_DECODE[7] ; active_transfer_library:ACTIVE_TRANSFER_LIBRARY_INST|ft_245_state_machine:FT_245_STATE_MACHINE_INST|state[1] ; yes                    ;
; active_transfer_library:ACTIVE_TRANSFER_LIBRARY_INST|ft_245_state_machine:FT_245_STATE_MACHINE_INST|DATA_BYTE_READY        ; GND                                                                                                          ; yes                    ;
; start_block_transfer                                                                                                       ; GND                                                                                                          ; yes                    ;
; active_transfer_library:ACTIVE_TRANSFER_LIBRARY_INST|ft_245_state_machine:FT_245_STATE_MACHINE_INST|USB_REGISTER_DECODE[5] ; active_transfer_library:ACTIVE_TRANSFER_LIBRARY_INST|ft_245_state_machine:FT_245_STATE_MACHINE_INST|state[1] ; yes                    ;
; active_transfer_library:ACTIVE_TRANSFER_LIBRARY_INST|ft_245_state_machine:FT_245_STATE_MACHINE_INST|USB_REGISTER_DECODE[4] ; active_transfer_library:ACTIVE_TRANSFER_LIBRARY_INST|ft_245_state_machine:FT_245_STATE_MACHINE_INST|state[1] ; yes                    ;
; active_transfer_library:ACTIVE_TRANSFER_LIBRARY_INST|ft_245_state_machine:FT_245_STATE_MACHINE_INST|USB_REGISTER_DECODE[3] ; active_transfer_library:ACTIVE_TRANSFER_LIBRARY_INST|ft_245_state_machine:FT_245_STATE_MACHINE_INST|state[1] ; yes                    ;
; active_transfer_library:ACTIVE_TRANSFER_LIBRARY_INST|ft_245_state_machine:FT_245_STATE_MACHINE_INST|USB_REGISTER_DECODE[2] ; active_transfer_library:ACTIVE_TRANSFER_LIBRARY_INST|ft_245_state_machine:FT_245_STATE_MACHINE_INST|state[1] ; yes                    ;
; active_transfer_library:ACTIVE_TRANSFER_LIBRARY_INST|ft_245_state_machine:FT_245_STATE_MACHINE_INST|USB_REGISTER_DECODE[1] ; active_transfer_library:ACTIVE_TRANSFER_LIBRARY_INST|ft_245_state_machine:FT_245_STATE_MACHINE_INST|state[1] ; yes                    ;
; active_transfer_library:ACTIVE_TRANSFER_LIBRARY_INST|ft_245_state_machine:FT_245_STATE_MACHINE_INST|USB_REGISTER_DECODE[0] ; active_transfer_library:ACTIVE_TRANSFER_LIBRARY_INST|ft_245_state_machine:FT_245_STATE_MACHINE_INST|state[1] ; yes                    ;
; Number of user-specified and inferred latches = 11                                                                         ;                                                                                                              ;                        ;
+----------------------------------------------------------------------------------------------------------------------------+--------------------------------------------------------------------------------------------------------------+------------------------+
Note: All latches listed above may not be present at the end of synthesis due to various synthesis optimizations.


+---------------------------------------------------------------------------------------------------------------------+
; Logic Cells Representing Combinational Loops                                                                        ;
+-----------------------------------------------------------------------------------------------------------------+---+
; Logic Cell Name                                                                                                 ;   ;
+-----------------------------------------------------------------------------------------------------------------+---+
; active_transfer_library:ACTIVE_TRANSFER_LIBRARY_INST|endpoint_registers:ENDPOINT_REGISTERS_INST|transfer_busy~0 ;   ;
; Number of logic cells representing combinational loops                                                          ; 1 ;
+-----------------------------------------------------------------------------------------------------------------+---+
Note: All cells listed above may not be present at the end of synthesis due to various synthesis optimizations.


+-------------------------------------------------------------------------------------------------------------------------------------------------------+
; Registers Removed During Synthesis                                                                                                                    ;
+--------------------------------------------------------------------------------------------------------------+----------------------------------------+
; Register name                                                                                                ; Reason for Removal                     ;
+--------------------------------------------------------------------------------------------------------------+----------------------------------------+
; trigger_out[0,1,4..7]                                                                                        ; Stuck at GND due to stuck port data_in ;
; led_host_transfer_byte[4..6]                                                                                 ; Merged with led_host_transfer_byte[7]  ;
; led_host_transfer_byte[7]                                                                                    ; Stuck at GND due to stuck port data_in ;
; active_transfer_library:ACTIVE_TRANSFER_LIBRARY_INST|ft_245_state_machine:FT_245_STATE_MACHINE_INST|state[5] ; Stuck at GND due to stuck port data_in ;
; state_block_loopback~8                                                                                       ; Lost fanout                            ;
; state_block_loopback~9                                                                                       ; Lost fanout                            ;
; block_transfer_out_state~7                                                                                   ; Lost fanout                            ;
; transfer_to_host_state~9                                                                                     ; Lost fanout                            ;
; transfer_to_host_state~10                                                                                    ; Lost fanout                            ;
; state_block_loopback.FIFO_EN_LOW                                                                             ; Lost fanout                            ;
; state_block_loopback.BLOCK_LOOPBACK_IDLE                                                                     ; Lost fanout                            ;
; state_block_loopback.BLOCK_LOOPBACK_INIT                                                                     ; Lost fanout                            ;
; state_block_loopback.FIFO_EN_HIGH                                                                            ; Lost fanout                            ;
; transfer_to_host_state.TRANSFER_HOST_LOOPBACK_COMPLETE                                                       ; Merged with transfer_out_reg           ;
; active_transfer:ACTIVE_TRANSFER_INST_1|transfer_busy~reg0                                                    ; Lost fanout                            ;
; active_transfer:ACTIVE_TRANSFER_INST_1|transfer_received~reg0                                                ; Lost fanout                            ;
; active_transfer:ACTIVE_TRANSFER_INST_2|transfer_busy~reg0                                                    ; Lost fanout                            ;
; active_transfer:ACTIVE_TRANSFER_INST_1|transfer_busy_reg.01                                                  ; Lost fanout                            ;
; active_transfer:ACTIVE_TRANSFER_INST_1|transfer_busy_reg.10                                                  ; Lost fanout                            ;
; active_transfer:ACTIVE_TRANSFER_INST_2|transfer_busy_reg.01                                                  ; Lost fanout                            ;
; active_transfer:ACTIVE_TRANSFER_INST_2|transfer_busy_reg.10                                                  ; Lost fanout                            ;
; random_num_counter[3]                                                                                        ; Stuck at GND due to stuck port data_in ;
; Total Number of Removed Registers = 29                                                                       ;                                        ;
+--------------------------------------------------------------------------------------------------------------+----------------------------------------+


+--------------------------------------------------------------------------------------------------------------------------------------------------------------+
; Removed Registers Triggering Further Register Optimizations                                                                                                  ;
+-----------------------------------------------------------+--------------------+-----------------------------------------------------------------------------+
; Register name                                             ; Reason for Removal ; Registers Removed due to This Register                                      ;
+-----------------------------------------------------------+--------------------+-----------------------------------------------------------------------------+
; state_block_loopback~8                                    ; Lost Fanouts       ; state_block_loopback.BLOCK_LOOPBACK_IDLE, state_block_loopback.FIFO_EN_HIGH ;
; active_transfer:ACTIVE_TRANSFER_INST_1|transfer_busy~reg0 ; Lost Fanouts       ; active_transfer:ACTIVE_TRANSFER_INST_1|transfer_busy_reg.01,                ;
;                                                           ;                    ; active_transfer:ACTIVE_TRANSFER_INST_1|transfer_busy_reg.10                 ;
; active_transfer:ACTIVE_TRANSFER_INST_2|transfer_busy~reg0 ; Lost Fanouts       ; active_transfer:ACTIVE_TRANSFER_INST_2|transfer_busy_reg.01,                ;
;                                                           ;                    ; active_transfer:ACTIVE_TRANSFER_INST_2|transfer_busy_reg.10                 ;
; state_block_loopback~9                                    ; Lost Fanouts       ; state_block_loopback.BLOCK_LOOPBACK_INIT                                    ;
+-----------------------------------------------------------+--------------------+-----------------------------------------------------------------------------+


+------------------------------------------------------+
; General Register Statistics                          ;
+----------------------------------------------+-------+
; Statistic                                    ; Value ;
+----------------------------------------------+-------+
; Total registers                              ; 411   ;
; Number of registers using Synchronous Clear  ; 38    ;
; Number of registers using Synchronous Load   ; 50    ;
; Number of registers using Asynchronous Clear ; 359   ;
; Number of registers using Asynchronous Load  ; 0     ;
; Number of registers using Clock Enable       ; 259   ;
; Number of registers using Preset             ; 0     ;
+----------------------------------------------+-------+


+-----------------------------------------------------------------------------------------------------------------------------+
; Inverted Register Statistics                                                                                                ;
+-------------------------------------------------------------------------------------------------------------------+---------+
; Inverted Register                                                                                                 ; Fan out ;
+-------------------------------------------------------------------------------------------------------------------+---------+
; led_delay_counter[9]                                                                                              ; 2       ;
; led_delay_counter[8]                                                                                              ; 2       ;
; led_delay_counter[7]                                                                                              ; 1       ;
; led_delay_counter[6]                                                                                              ; 1       ;
; led_delay_counter[5]                                                                                              ; 1       ;
; led_delay_counter[4]                                                                                              ; 1       ;
; led_delay_counter[3]                                                                                              ; 1       ;
; led_delay_counter[2]                                                                                              ; 1       ;
; led_delay_counter[1]                                                                                              ; 1       ;
; led_delay_counter[0]                                                                                              ; 1       ;
; active_transfer_library:ACTIVE_TRANSFER_LIBRARY_INST|ft_245_state_machine:FT_245_STATE_MACHINE_INST|USB_WR        ; 4       ;
; active_transfer_library:ACTIVE_TRANSFER_LIBRARY_INST|ft_245_state_machine:FT_245_STATE_MACHINE_INST|state[0]      ; 9       ;
; active_transfer_library:ACTIVE_TRANSFER_LIBRARY_INST|ft_245_state_machine:FT_245_STATE_MACHINE_INST|usb_rxf_n_reg ; 4       ;
; timer_value[9]                                                                                                    ; 3       ;
; timer_value[8]                                                                                                    ; 3       ;
; state[0]                                                                                                          ; 2       ;
; Total number of inverted registers = 16                                                                           ;         ;
+-------------------------------------------------------------------------------------------------------------------+---------+


+----------------------------------------------+
; Registers Added for RAM Pass-Through Logic   ;
+----------------------------+-----------------+
; Register Name              ; RAM Name        ;
+----------------------------+-----------------+
; mem_array_rtl_0_bypass[0]  ; mem_array_rtl_0 ;
; mem_array_rtl_0_bypass[1]  ; mem_array_rtl_0 ;
; mem_array_rtl_0_bypass[2]  ; mem_array_rtl_0 ;
; mem_array_rtl_0_bypass[3]  ; mem_array_rtl_0 ;
; mem_array_rtl_0_bypass[4]  ; mem_array_rtl_0 ;
; mem_array_rtl_0_bypass[5]  ; mem_array_rtl_0 ;
; mem_array_rtl_0_bypass[6]  ; mem_array_rtl_0 ;
; mem_array_rtl_0_bypass[7]  ; mem_array_rtl_0 ;
; mem_array_rtl_0_bypass[8]  ; mem_array_rtl_0 ;
; mem_array_rtl_0_bypass[9]  ; mem_array_rtl_0 ;
; mem_array_rtl_0_bypass[10] ; mem_array_rtl_0 ;
; mem_array_rtl_0_bypass[11] ; mem_array_rtl_0 ;
; mem_array_rtl_0_bypass[12] ; mem_array_rtl_0 ;
; mem_array_rtl_0_bypass[13] ; mem_array_rtl_0 ;
; mem_array_rtl_0_bypass[14] ; mem_array_rtl_0 ;
; mem_array_rtl_0_bypass[15] ; mem_array_rtl_0 ;
; mem_array_rtl_0_bypass[16] ; mem_array_rtl_0 ;
; mem_array_rtl_0_bypass[17] ; mem_array_rtl_0 ;
; mem_array_rtl_0_bypass[18] ; mem_array_rtl_0 ;
; mem_array_rtl_0_bypass[19] ; mem_array_rtl_0 ;
; mem_array_rtl_0_bypass[20] ; mem_array_rtl_0 ;
; mem_array_rtl_0_bypass[21] ; mem_array_rtl_0 ;
; mem_array_rtl_0_bypass[22] ; mem_array_rtl_0 ;
; mem_array_rtl_0_bypass[23] ; mem_array_rtl_0 ;
; mem_array_rtl_0_bypass[24] ; mem_array_rtl_0 ;
+----------------------------+-----------------+


+-------------------------------------------------------------------------------------------------------------------------------------------------------------------------------------------------------------------------------------------------------------+
; Multiplexer Restructuring Statistics (Restructuring Performed)                                                                                                                                                                                              ;
+--------------------+-----------+---------------+----------------------+------------------------+------------+-----------------------------------------------------------------------------------------------------------------------------------------------+
; Multiplexer Inputs ; Bus Width ; Baseline Area ; Area if Restructured ; Saving if Restructured ; Registered ; Example Multiplexer Output                                                                                                                    ;
+--------------------+-----------+---------------+----------------------+------------------------+------------+-----------------------------------------------------------------------------------------------------------------------------------------------+
; 3:1                ; 4 bits    ; 8 LEs         ; 4 LEs                ; 4 LEs                  ; Yes        ; |EPT_4CE6_AF_D1_Top|LED[0]~reg0                                                                                                               ;
; 3:1                ; 14 bits   ; 28 LEs        ; 14 LEs               ; 14 LEs                 ; Yes        ; |EPT_4CE6_AF_D1_Top|led_delay_counter[22]                                                                                                     ;
; 3:1                ; 8 bits    ; 16 LEs        ; 8 LEs                ; 8 LEs                  ; Yes        ; |EPT_4CE6_AF_D1_Top|block_in_data_counter[5]                                                                                                  ;
; 4:1                ; 4 bits    ; 8 LEs         ; 4 LEs                ; 4 LEs                  ; Yes        ; |EPT_4CE6_AF_D1_Top|led_host_transfer_byte[0]                                                                                                 ;
; 4:1                ; 8 bits    ; 16 LEs        ; 8 LEs                ; 8 LEs                  ; Yes        ; |EPT_4CE6_AF_D1_Top|active_transfer_library:ACTIVE_TRANSFER_LIBRARY_INST|ft_245_state_machine:FT_245_STATE_MACHINE_INST|read_complete_cntr[0] ;
; 16:1               ; 4 bits    ; 40 LEs        ; 8 LEs                ; 32 LEs                 ; Yes        ; |EPT_4CE6_AF_D1_Top|led_reg[0]                                                                                                                ;
; 11:1               ; 4 bits    ; 28 LEs        ; 12 LEs               ; 16 LEs                 ; Yes        ; |EPT_4CE6_AF_D1_Top|shift_count_value[0]                                                                                                      ;
; 3:1                ; 8 bits    ; 16 LEs        ; 8 LEs                ; 8 LEs                  ; Yes        ; |EPT_4CE6_AF_D1_Top|led_delay_counter[3]                                                                                                      ;
; 3:1                ; 2 bits    ; 4 LEs         ; 2 LEs                ; 2 LEs                  ; Yes        ; |EPT_4CE6_AF_D1_Top|led_delay_counter[9]                                                                                                      ;
; 3:1                ; 8 bits    ; 16 LEs        ; 16 LEs               ; 0 LEs                  ; No         ; |EPT_4CE6_AF_D1_Top|mem_array                                                                                                                 ;
; 3:1                ; 8 bits    ; 16 LEs        ; 16 LEs               ; 0 LEs                  ; No         ; |EPT_4CE6_AF_D1_Top|block_out_counter                                                                                                         ;
; 4:1                ; 2 bits    ; 4 LEs         ; 4 LEs                ; 0 LEs                  ; No         ; |EPT_4CE6_AF_D1_Top|state_block_loopback                                                                                                      ;
; 5:1                ; 2 bits    ; 6 LEs         ; 4 LEs                ; 2 LEs                  ; No         ; |EPT_4CE6_AF_D1_Top|block_transfer_out_state                                                                                                  ;
; 7:1                ; 2 bits    ; 8 LEs         ; 8 LEs                ; 0 LEs                  ; No         ; |EPT_4CE6_AF_D1_Top|state_block_loopback                                                                                                      ;
; 1:1                ; 4 bits    ; 0 LEs         ; 0 LEs                ; 0 LEs                  ; No         ; |EPT_4CE6_AF_D1_Top|Add6                                                                                                                      ;
+--------------------+-----------+---------------+----------------------+------------------------+------------+-----------------------------------------------------------------------------------------------------------------------------------------------+


+----------------------------------------------------------------------------------+
; Source assignments for altsyncram:mem_array_rtl_0|altsyncram_psd1:auto_generated ;
+---------------------------------+--------------------+------+--------------------+
; Assignment                      ; Value              ; From ; To                 ;
+---------------------------------+--------------------+------+--------------------+
; OPTIMIZE_POWER_DURING_SYNTHESIS ; NORMAL_COMPILATION ; -    ; -                  ;
+---------------------------------+--------------------+------+--------------------+


+------------------------------------------------------------------------------------+
; Parameter Settings for User Entity Instance: Top-level Entity: |EPT_4CE6_AF_D1_Top ;
+---------------------------------+--------------------------+-----------------------+
; Parameter Name                  ; Value                    ; Type                  ;
+---------------------------------+--------------------------+-----------------------+
; GLOBAL_RESET_COUNT              ; 100111001000             ; Unsigned Binary       ;
; TRANSFER_HOST_IDLE              ; 1                        ; Signed Integer        ;
; TRANSFER_HOST_LOOPBACK_START    ; 2                        ; Signed Integer        ;
; TRANSFER_HOST_LOOPBACK_COMPLETE ; 3                        ; Signed Integer        ;
; BLOCK_COUNT_16                  ; 00010000                 ; Unsigned Binary       ;
; BLOCK_LOOPBACK_IDLE             ; 1                        ; Signed Integer        ;
; BLOCK_LOOPBACK_INIT             ; 2                        ; Signed Integer        ;
; FIFO_EN_HIGH                    ; 3                        ; Signed Integer        ;
; FIFO_EN_LOW                     ; 4                        ; Signed Integer        ;
; BLK_TRANSFER_OUT_IDLE           ; 1                        ; Signed Integer        ;
; BLK_TRANSFER_OUT_COUNT          ; 2                        ; Signed Integer        ;
; IDLE                            ; 0                        ; Signed Integer        ;
; SELECT_MODE                     ; 1                        ; Signed Integer        ;
; LOAD_REGISTER                   ; 2                        ; Signed Integer        ;
; LOAD_LEDS                       ; 3                        ; Signed Integer        ;
; WAIT_FOR_TIMER                  ; 6                        ; Signed Integer        ;
; RANDOM_NUMBER                   ; 0001                     ; Unsigned Binary       ;
; SHIFT_LEFT                      ; 0010                     ; Unsigned Binary       ;
; SHIFT_RIGHT                     ; 0011                     ; Unsigned Binary       ;
; COUNT_UP                        ; 0100                     ; Unsigned Binary       ;
; COUNT_DOWN                      ; 0101                     ; Unsigned Binary       ;
; STATIC_VALUE                    ; 000110                   ; Unsigned Binary       ;
; TIMER_LOW_LIMIT                 ; 000000000000001111111111 ; Unsigned Binary       ;
+---------------------------------+--------------------------+-----------------------+
Note: In order to hide this table in the UI and the text report file, please set the "Show Parameter Settings in Synthesis Report" option in "Analysis and Synthesis Settings -> More Settings" to "Off".


+--------------------------------------------------------------------------------------------------------------------------------------------------+
; Parameter Settings for User Entity Instance: active_transfer_library:ACTIVE_TRANSFER_LIBRARY_INST|ft_245_state_machine:FT_245_STATE_MACHINE_INST ;
+-------------------------+-------+----------------------------------------------------------------------------------------------------------------+
; Parameter Name          ; Value ; Type                                                                                                           ;
+-------------------------+-------+----------------------------------------------------------------------------------------------------------------+
; IDLE                    ; 0     ; Signed Integer                                                                                                 ;
; ASSERT_RD_N             ; 1     ; Signed Integer                                                                                                 ;
; WAIT_FOR_RD_COMPLETION  ; 2     ; Signed Integer                                                                                                 ;
; WAIT_FOR_DE_ASSERT_RD_N ; 3     ; Signed Integer                                                                                                 ;
; DE_ASSERT_RD_N          ; 4     ; Signed Integer                                                                                                 ;
; CHECK_TXE               ; 5     ; Signed Integer                                                                                                 ;
; ASSERT_WR               ; 6     ; Signed Integer                                                                                                 ;
; WAIT_FOR_WR_COMPLETION  ; 7     ; Signed Integer                                                                                                 ;
; DE_ASSERT_WR            ; 8     ; Signed Integer                                                                                                 ;
+-------------------------+-------+----------------------------------------------------------------------------------------------------------------+
Note: In order to hide this table in the UI and the text report file, please set the "Show Parameter Settings in Synthesis Report" option in "Analysis and Synthesis Settings -> More Settings" to "Off".


+---------------------------------------------------------------+
; Parameter Settings for User Entity Instance: eptWireOR:wireOR ;
+----------------+-------+--------------------------------------+
; Parameter Name ; Value ; Type                                 ;
+----------------+-------+--------------------------------------+
; N              ; 4     ; Signed Integer                       ;
+----------------+-------+--------------------------------------+
Note: In order to hide this table in the UI and the text report file, please set the "Show Parameter Settings in Synthesis Report" option in "Analysis and Synthesis Settings -> More Settings" to "Off".


+-----------------------------------------------------------------------------+
; Parameter Settings for Inferred Entity Instance: altsyncram:mem_array_rtl_0 ;
+------------------------------------+----------------------+-----------------+
; Parameter Name                     ; Value                ; Type            ;
+------------------------------------+----------------------+-----------------+
; BYTE_SIZE_BLOCK                    ; 8                    ; Untyped         ;
; AUTO_CARRY_CHAINS                  ; ON                   ; AUTO_CARRY      ;
; IGNORE_CARRY_BUFFERS               ; OFF                  ; IGNORE_CARRY    ;
; AUTO_CASCADE_CHAINS                ; ON                   ; AUTO_CASCADE    ;
; IGNORE_CASCADE_BUFFERS             ; OFF                  ; IGNORE_CASCADE  ;
; WIDTH_BYTEENA                      ; 1                    ; Untyped         ;
; OPERATION_MODE                     ; DUAL_PORT            ; Untyped         ;
; WIDTH_A                            ; 8                    ; Untyped         ;
; WIDTHAD_A                          ; 8                    ; Untyped         ;
; NUMWORDS_A                         ; 256                  ; Untyped         ;
; OUTDATA_REG_A                      ; UNREGISTERED         ; Untyped         ;
; ADDRESS_ACLR_A                     ; NONE                 ; Untyped         ;
; OUTDATA_ACLR_A                     ; NONE                 ; Untyped         ;
; WRCONTROL_ACLR_A                   ; NONE                 ; Untyped         ;
; INDATA_ACLR_A                      ; NONE                 ; Untyped         ;
; BYTEENA_ACLR_A                     ; NONE                 ; Untyped         ;
; WIDTH_B                            ; 8                    ; Untyped         ;
; WIDTHAD_B                          ; 8                    ; Untyped         ;
; NUMWORDS_B                         ; 256                  ; Untyped         ;
; INDATA_REG_B                       ; CLOCK1               ; Untyped         ;
; WRCONTROL_WRADDRESS_REG_B          ; CLOCK1               ; Untyped         ;
; RDCONTROL_REG_B                    ; CLOCK1               ; Untyped         ;
; ADDRESS_REG_B                      ; CLOCK0               ; Untyped         ;
; OUTDATA_REG_B                      ; UNREGISTERED         ; Untyped         ;
; BYTEENA_REG_B                      ; CLOCK1               ; Untyped         ;
; INDATA_ACLR_B                      ; NONE                 ; Untyped         ;
; WRCONTROL_ACLR_B                   ; NONE                 ; Untyped         ;
; ADDRESS_ACLR_B                     ; NONE                 ; Untyped         ;
; OUTDATA_ACLR_B                     ; NONE                 ; Untyped         ;
; RDCONTROL_ACLR_B                   ; NONE                 ; Untyped         ;
; BYTEENA_ACLR_B                     ; NONE                 ; Untyped         ;
; WIDTH_BYTEENA_A                    ; 1                    ; Untyped         ;
; WIDTH_BYTEENA_B                    ; 1                    ; Untyped         ;
; RAM_BLOCK_TYPE                     ; AUTO                 ; Untyped         ;
; BYTE_SIZE                          ; 8                    ; Untyped         ;
; READ_DURING_WRITE_MODE_MIXED_PORTS ; DONT_CARE            ; Untyped         ;
; READ_DURING_WRITE_MODE_PORT_A      ; NEW_DATA_NO_NBE_READ ; Untyped         ;
; READ_DURING_WRITE_MODE_PORT_B      ; NEW_DATA_NO_NBE_READ ; Untyped         ;
; INIT_FILE                          ; UNUSED               ; Untyped         ;
; INIT_FILE_LAYOUT                   ; PORT_A               ; Untyped         ;
; MAXIMUM_DEPTH                      ; 0                    ; Untyped         ;
; CLOCK_ENABLE_INPUT_A               ; NORMAL               ; Untyped         ;
; CLOCK_ENABLE_INPUT_B               ; NORMAL               ; Untyped         ;
; CLOCK_ENABLE_OUTPUT_A              ; NORMAL               ; Untyped         ;
; CLOCK_ENABLE_OUTPUT_B              ; NORMAL               ; Untyped         ;
; CLOCK_ENABLE_CORE_A                ; USE_INPUT_CLKEN      ; Untyped         ;
; CLOCK_ENABLE_CORE_B                ; USE_INPUT_CLKEN      ; Untyped         ;
; ENABLE_ECC                         ; FALSE                ; Untyped         ;
; ECC_PIPELINE_STAGE_ENABLED         ; FALSE                ; Untyped         ;
; WIDTH_ECCSTATUS                    ; 3                    ; Untyped         ;
; DEVICE_FAMILY                      ; Cyclone IV E         ; Untyped         ;
; CBXI_PARAMETER                     ; altsyncram_psd1      ; Untyped         ;
+------------------------------------+----------------------+-----------------+
Note: In order to hide this table in the UI and the text report file, please set the "Show Parameter Settings in Synthesis Report" option in "Analysis and Synthesis Settings -> More Settings" to "Off".


+------------------------------------------------------------------------+
; altsyncram Parameter Settings by Entity Instance                       ;
+-------------------------------------------+----------------------------+
; Name                                      ; Value                      ;
+-------------------------------------------+----------------------------+
; Number of entity instances                ; 1                          ;
; Entity Instance                           ; altsyncram:mem_array_rtl_0 ;
;     -- OPERATION_MODE                     ; DUAL_PORT                  ;
;     -- WIDTH_A                            ; 8                          ;
;     -- NUMWORDS_A                         ; 256                        ;
;     -- OUTDATA_REG_A                      ; UNREGISTERED               ;
;     -- WIDTH_B                            ; 8                          ;
;     -- NUMWORDS_B                         ; 256                        ;
;     -- ADDRESS_REG_B                      ; CLOCK0                     ;
;     -- OUTDATA_REG_B                      ; UNREGISTERED               ;
;     -- RAM_BLOCK_TYPE                     ; AUTO                       ;
;     -- READ_DURING_WRITE_MODE_MIXED_PORTS ; DONT_CARE                  ;
+-------------------------------------------+----------------------------+


+-----------------------------------------------------------------------------------------------------------------------------------------------------------------------------------+
; Port Connectivity Checks: "active_transfer_library:ACTIVE_TRANSFER_LIBRARY_INST|ft_245_state_machine:FT_245_STATE_MACHINE_INST"                                                   ;
+----------------+--------+----------+----------------------------------------------------------------------------------------------------------------------------------------------+
; Port           ; Type   ; Severity ; Details                                                                                                                                      ;
+----------------+--------+----------+----------------------------------------------------------------------------------------------------------------------------------------------+
; ENDPOINT_BUSY  ; Input  ; Warning  ; Declared by entity but not connected by instance. If a default value exists, it will be used.  Otherwise, the port will be connected to GND. ;
; FT_245_SM_BUSY ; Output ; Warning  ; Declared by entity but not connected by instance. Logic that only feeds a dangling port will be removed.                                     ;
+----------------+--------+----------+----------------------------------------------------------------------------------------------------------------------------------------------+


+-----------------------------------------------------+
; Post-Synthesis Netlist Statistics for Top Partition ;
+-----------------------+-----------------------------+
; Type                  ; Count                       ;
+-----------------------+-----------------------------+
; boundary_port         ; 86                          ;
; cycloneiii_ff         ; 411                         ;
;     CLR               ; 113                         ;
;     CLR SLD           ; 19                          ;
;     ENA               ; 27                          ;
;     ENA CLR           ; 107                         ;
;     ENA CLR SCLR      ; 34                          ;
;     ENA CLR SCLR SLD  ; 4                           ;
;     ENA CLR SLD       ; 82                          ;
;     ENA SLD           ; 5                           ;
;     plain             ; 20                          ;
; cycloneiii_io_obuf    ; 31                          ;
; cycloneiii_lcell_comb ; 631                         ;
;     arith             ; 146                         ;
;         1 data inputs ; 1                           ;
;         2 data inputs ; 97                          ;
;         3 data inputs ; 48                          ;
;     normal            ; 485                         ;
;         0 data inputs ; 1                           ;
;         1 data inputs ; 54                          ;
;         2 data inputs ; 120                         ;
;         3 data inputs ; 107                         ;
;         4 data inputs ; 203                         ;
; cycloneiii_ram_block  ; 8                           ;
;                       ;                             ;
; Max LUT depth         ; 6.00                        ;
; Average LUT depth     ; 2.62                        ;
+-----------------------+-----------------------------+


+-------------------------------+
; Elapsed Time Per Partition    ;
+----------------+--------------+
; Partition Name ; Elapsed Time ;
+----------------+--------------+
; Top            ; 00:00:05     ;
+----------------+--------------+


+-------------------------------+
; Analysis & Synthesis Messages ;
+-------------------------------+
Info: *******************************************************************
Info: Running Quartus II 64-Bit Analysis & Synthesis
    Info: Version 15.0.0 Build 145 04/22/2015 SJ Web Edition
    Info: Processing started: Mon Nov 02 14:18:39 2015
Info: Command: quartus_map --read_settings_files=on --write_settings_files=off EPT_4CE6_AF_D1_Top -c EPT_4CE6_AF_D1_Top
Info (20030): Parallel compilation is enabled and will use 4 of the 4 processors detected
Info (12021): Found 1 design units, including 1 entities, in source file /jolly/products/earth people technology/dueprologic_usb_fpga_project_1.2_dvd/projects_hdl/ept_4ce6_af_transfer_demo/src/lfsr.v
    Info (12023): Found entity 1: lfsr
Warning (12090): Entity "mux" obtained from "../src/mux.v" instead of from Quartus II megafunction library
Info (12021): Found 1 design units, including 1 entities, in source file /jolly/products/earth people technology/dueprologic_usb_fpga_project_1.2_dvd/projects_hdl/ept_4ce6_af_transfer_demo/src/mux.v
    Info (12023): Found entity 1: mux
Info (12021): Found 1 design units, including 1 entities, in source file /jolly/products/earth people technology/dueprologic_usb_fpga_project_1.2_dvd/projects_hdl/ept_4ce6_af_transfer_demo/src/active_trigger.vqm
    Info (12023): Found entity 1: active_trigger
Info (12021): Found 1 design units, including 1 entities, in source file /jolly/products/earth people technology/dueprologic_usb_fpga_project_1.2_dvd/projects_hdl/ept_4ce6_af_transfer_demo/src/flipflop.v
    Info (12023): Found entity 1: flipflop
Info (12021): Found 1 design units, including 1 entities, in source file /jolly/products/earth people technology/dueprologic_usb_fpga_project_1.2_dvd/projects_hdl/ept_4ce6_af_transfer_demo/src/ft_245_state_machine.v
    Info (12023): Found entity 1: ft_245_state_machine
Info (12021): Found 1 design units, including 1 entities, in source file /jolly/products/earth people technology/dueprologic_usb_fpga_project_1.2_dvd/projects_hdl/ept_4ce6_af_transfer_demo/src/endpoint_registers.vqm
    Info (12023): Found entity 1: endpoint_registers
Info (12021): Found 1 design units, including 1 entities, in source file /jolly/products/earth people technology/dueprologic_usb_fpga_project_1.2_dvd/projects_hdl/ept_4ce6_af_transfer_demo/src/active_transfer_library.v
    Info (12023): Found entity 1: active_transfer_library
Info (12021): Found 1 design units, including 1 entities, in source file /jolly/products/earth people technology/dueprologic_usb_fpga_project_1.2_dvd/projects_hdl/ept_4ce6_af_transfer_demo/src/active_transfer.vqm
    Info (12023): Found entity 1: active_transfer
Info (12021): Found 1 design units, including 1 entities, in source file /jolly/products/earth people technology/dueprologic_usb_fpga_project_1.2_dvd/projects_hdl/ept_4ce6_af_transfer_demo/src/active_control_register.vqm
    Info (12023): Found entity 1: active_control_register
Info (12021): Found 1 design units, including 1 entities, in source file /jolly/products/earth people technology/dueprologic_usb_fpga_project_1.2_dvd/projects_hdl/ept_4ce6_af_transfer_demo/src/active_block.vqm
    Info (12023): Found entity 1: active_block
Warning (12019): Can't analyze file -- file ../src/write_control_logic.v is missing
Warning (12019): Can't analyze file -- file ../src/sync_fifo.v is missing
Warning (12019): Can't analyze file -- file ../src/read_control_logic.v is missing
Warning (12019): Can't analyze file -- file ../src/mem_array.v is missing
Warning (12019): Can't analyze file -- file ../src/tb_define.v is missing
Info (12021): Found 1 design units, including 1 entities, in source file /jolly/products/earth people technology/dueprologic_usb_fpga_project_1.2_dvd/projects_hdl/ept_4ce6_af_transfer_demo/src/eptwireor.v
    Info (12023): Found entity 1: eptWireOR
Info (12021): Found 1 design units, including 1 entities, in source file /jolly/products/earth people technology/dueprologic_usb_fpga_project_1.2_dvd/projects_hdl/ept_4ce6_af_transfer_demo/src/ept_4ce6_af_d1_top.v
    Info (12023): Found entity 1: EPT_4CE6_AF_D1_Top
Info (12021): Found 0 design units, including 0 entities, in source file /jolly/products/earth people technology/dueprologic_usb_fpga_project_1.2_dvd/projects_hdl/ept_4ce6_af_transfer_demo/src/define.v
Warning (10236): Verilog HDL Implicit Net warning at lfsr.v(31): created implicit net for "nextbit"
Info (12127): Elaborating entity "EPT_4CE6_AF_D1_Top" for the top level hierarchy
Warning (10036): Verilog HDL or VHDL warning at EPT_4CE6_AF_D1_Top.v(144): object "switch_reset" assigned a value but never read
Warning (10036): Verilog HDL or VHDL warning at EPT_4CE6_AF_D1_Top.v(167): object "start_block_transfer_reg" assigned a value but never read
Warning (10036): Verilog HDL or VHDL warning at EPT_4CE6_AF_D1_Top.v(177): object "uc_length" assigned a value but never read
Warning (10240): Verilog HDL Always Construct warning at EPT_4CE6_AF_D1_Top.v(408): inferring latch(es) for variable "start_block_transfer", which holds its previous value in one or more paths through the always construct
Warning (10240): Verilog HDL Always Construct warning at EPT_4CE6_AF_D1_Top.v(523): inferring latch(es) for variable "timer_value", which holds its previous value in one or more paths through the always construct
Info (10041): Inferred latch for "timer_value[0]" at EPT_4CE6_AF_D1_Top.v(523)
Info (10041): Inferred latch for "timer_value[1]" at EPT_4CE6_AF_D1_Top.v(523)
Info (10041): Inferred latch for "timer_value[2]" at EPT_4CE6_AF_D1_Top.v(523)
Info (10041): Inferred latch for "timer_value[3]" at EPT_4CE6_AF_D1_Top.v(523)
Info (10041): Inferred latch for "timer_value[4]" at EPT_4CE6_AF_D1_Top.v(523)
Info (10041): Inferred latch for "timer_value[5]" at EPT_4CE6_AF_D1_Top.v(523)
Info (10041): Inferred latch for "timer_value[6]" at EPT_4CE6_AF_D1_Top.v(523)
Info (10041): Inferred latch for "timer_value[7]" at EPT_4CE6_AF_D1_Top.v(523)
Info (10041): Inferred latch for "start_block_transfer" at EPT_4CE6_AF_D1_Top.v(412)
Info (12128): Elaborating entity "lfsr" for hierarchy "lfsr:LFSR_INST"
Info (12128): Elaborating entity "flipflop" for hierarchy "lfsr:LFSR_INST|flipflop:F[0]"
Info (12128): Elaborating entity "mux" for hierarchy "lfsr:LFSR_INST|mux:M1[0]"
Info (12128): Elaborating entity "active_control_register" for hierarchy "active_control_register:ACTIVE_CONTROL_REG_INST"
Info (12128): Elaborating entity "active_transfer_library" for hierarchy "active_transfer_library:ACTIVE_TRANSFER_LIBRARY_INST"
Info (12128): Elaborating entity "ft_245_state_machine" for hierarchy "active_transfer_library:ACTIVE_TRANSFER_LIBRARY_INST|ft_245_state_machine:FT_245_STATE_MACHINE_INST"
Warning (10858): Verilog HDL warning at ft_245_state_machine.v(96): object usb_rxf_reg used but never assigned
Warning (10235): Verilog HDL Always Construct warning at ft_245_state_machine.v(162): variable "USB_DATA_IN" is read inside the Always Construct but isn't in the Always Construct's Event Control
Warning (10235): Verilog HDL Always Construct warning at ft_245_state_machine.v(164): variable "USB_REGISTER_DECODE" is read inside the Always Construct but isn't in the Always Construct's Event Control
Warning (10240): Verilog HDL Always Construct warning at ft_245_state_machine.v(157): inferring latch(es) for variable "USB_REGISTER_DECODE", which holds its previous value in one or more paths through the always construct
Warning (10240): Verilog HDL Always Construct warning at ft_245_state_machine.v(340): inferring latch(es) for variable "USB_RD_N", which holds its previous value in one or more paths through the always construct
Warning (10235): Verilog HDL Always Construct warning at ft_245_state_machine.v(423): variable "USB_WR" is read inside the Always Construct but isn't in the Always Construct's Event Control
Info (10041): Inferred latch for "USB_RD_N" at ft_245_state_machine.v(340)
Info (10041): Inferred latch for "USB_REGISTER_DECODE[0]" at ft_245_state_machine.v(161)
Info (10041): Inferred latch for "USB_REGISTER_DECODE[1]" at ft_245_state_machine.v(161)
Info (10041): Inferred latch for "USB_REGISTER_DECODE[2]" at ft_245_state_machine.v(161)
Info (10041): Inferred latch for "USB_REGISTER_DECODE[3]" at ft_245_state_machine.v(161)
Info (10041): Inferred latch for "USB_REGISTER_DECODE[4]" at ft_245_state_machine.v(161)
Info (10041): Inferred latch for "USB_REGISTER_DECODE[5]" at ft_245_state_machine.v(161)
Info (10041): Inferred latch for "USB_REGISTER_DECODE[6]" at ft_245_state_machine.v(161)
Info (10041): Inferred latch for "USB_REGISTER_DECODE[7]" at ft_245_state_machine.v(161)
Info (10041): Inferred latch for "DATA_BYTE_READY" at ft_245_state_machine.v(118)
Info (12128): Elaborating entity "endpoint_registers" for hierarchy "active_transfer_library:ACTIVE_TRANSFER_LIBRARY_INST|endpoint_registers:ENDPOINT_REGISTERS_INST"
Info (12128): Elaborating entity "eptWireOR" for hierarchy "eptWireOR:wireOR"
Info (12128): Elaborating entity "active_trigger" for hierarchy "active_trigger:ACTIVE_TRIGGER_INST"
Info (12128): Elaborating entity "active_transfer" for hierarchy "active_transfer:ACTIVE_TRANSFER_INST_1"
Info (12128): Elaborating entity "active_block" for hierarchy "active_block:BLOCK_TRANSFER_INST"
Warning (276020): Inferred RAM node "mem_array_rtl_0" from synchronous design logic.  Pass-through logic has been added to match the read-during-write behavior of the original design.
Info (19000): Inferred 1 megafunctions from design logic
    Info (276029): Inferred altsyncram megafunction from the following design logic: "mem_array_rtl_0" 
        Info (286033): Parameter OPERATION_MODE set to DUAL_PORT
        Info (286033): Parameter WIDTH_A set to 8
        Info (286033): Parameter WIDTHAD_A set to 8
        Info (286033): Parameter NUMWORDS_A set to 256
        Info (286033): Parameter WIDTH_B set to 8
        Info (286033): Parameter WIDTHAD_B set to 8
        Info (286033): Parameter NUMWORDS_B set to 256
        Info (286033): Parameter ADDRESS_ACLR_A set to NONE
        Info (286033): Parameter OUTDATA_REG_B set to UNREGISTERED
        Info (286033): Parameter ADDRESS_ACLR_B set to NONE
        Info (286033): Parameter OUTDATA_ACLR_B set to NONE
        Info (286033): Parameter ADDRESS_REG_B set to CLOCK0
        Info (286033): Parameter INDATA_ACLR_A set to NONE
        Info (286033): Parameter WRCONTROL_ACLR_A set to NONE
Info (12130): Elaborated megafunction instantiation "altsyncram:mem_array_rtl_0"
Info (12133): Instantiated megafunction "altsyncram:mem_array_rtl_0" with the following parameter:
    Info (12134): Parameter "OPERATION_MODE" = "DUAL_PORT"
    Info (12134): Parameter "WIDTH_A" = "8"
    Info (12134): Parameter "WIDTHAD_A" = "8"
    Info (12134): Parameter "NUMWORDS_A" = "256"
    Info (12134): Parameter "WIDTH_B" = "8"
    Info (12134): Parameter "WIDTHAD_B" = "8"
    Info (12134): Parameter "NUMWORDS_B" = "256"
    Info (12134): Parameter "ADDRESS_ACLR_A" = "NONE"
    Info (12134): Parameter "OUTDATA_REG_B" = "UNREGISTERED"
    Info (12134): Parameter "ADDRESS_ACLR_B" = "NONE"
    Info (12134): Parameter "OUTDATA_ACLR_B" = "NONE"
    Info (12134): Parameter "ADDRESS_REG_B" = "CLOCK0"
    Info (12134): Parameter "INDATA_ACLR_A" = "NONE"
    Info (12134): Parameter "WRCONTROL_ACLR_A" = "NONE"
Info (12021): Found 1 design units, including 1 entities, in source file db/altsyncram_psd1.tdf
    Info (12023): Found entity 1: altsyncram_psd1
Warning (12241): 1 hierarchies have connectivity warnings - see the Connectivity Checks report folder
Info (13000): Registers with preset signals will power-up high
Info (13003): DEV_CLRn pin will set, and not reset, register with preset signal due to NOT Gate Push-Back
Warning (13024): Output pins are stuck at VCC or GND
    Warning (13410): Pin "bc_out[0]" is stuck at GND
    Warning (13410): Pin "XIO_4[0]" is stuck at GND
    Warning (13410): Pin "XIO_4[5]" is stuck at GND
    Warning (13410): Pin "XIO_4[6]" is stuck at GND
    Warning (13410): Pin "XIO_4[7]" is stuck at GND
Info (286030): Timing-Driven Synthesis is running
Info (17049): 16 registers lost all their fanouts during netlist optimizations.
Info (17016): Found the following redundant logic cells in design
    Info (17048): Logic cell "active_control_register:ACTIVE_CONTROL_REG_INST|CONTROL_REGISTER[2]~reg0_ICOMBOUT"
    Info (17048): Logic cell "active_block:BLOCK_TRANSFER_INST|ept_length[4]~reg0_ICOMBOUT"
    Info (17048): Logic cell "active_block:BLOCK_TRANSFER_INST|ept_length[0]~reg0_ICOMBOUT"
    Info (17048): Logic cell "active_block:BLOCK_TRANSFER_INST|transfer_to_device[2]~reg0_ICOMBOUT"
    Info (17048): Logic cell "active_block:BLOCK_TRANSFER_INST|transfer_to_device[6]~reg0_ICOMBOUT"
    Info (17048): Logic cell "active_block:BLOCK_TRANSFER_INST|transfer_to_device[7]~reg0_ICOMBOUT"
    Info (17048): Logic cell "active_transfer_library:ACTIVE_TRANSFER_LIBRARY_INST|endpoint_registers:ENDPOINT_REGISTERS_INST|length_from_device[7]~ICOMBOUT"
    Info (17048): Logic cell "active_transfer_library:ACTIVE_TRANSFER_LIBRARY_INST|endpoint_registers:ENDPOINT_REGISTERS_INST|length_from_device[6]~ICOMBOUT"
    Info (17048): Logic cell "active_transfer_library:ACTIVE_TRANSFER_LIBRARY_INST|endpoint_registers:ENDPOINT_REGISTERS_INST|length_from_device[5]~ICOMBOUT"
    Info (17048): Logic cell "active_transfer_library:ACTIVE_TRANSFER_LIBRARY_INST|endpoint_registers:ENDPOINT_REGISTERS_INST|length_from_device[4]~ICOMBOUT"
    Info (17048): Logic cell "active_transfer_library:ACTIVE_TRANSFER_LIBRARY_INST|endpoint_registers:ENDPOINT_REGISTERS_INST|length_from_device[3]~ICOMBOUT"
    Info (17048): Logic cell "active_transfer_library:ACTIVE_TRANSFER_LIBRARY_INST|endpoint_registers:ENDPOINT_REGISTERS_INST|length_from_device[2]~ICOMBOUT"
    Info (17048): Logic cell "active_transfer_library:ACTIVE_TRANSFER_LIBRARY_INST|endpoint_registers:ENDPOINT_REGISTERS_INST|length_from_device[1]~ICOMBOUT"
    Info (17048): Logic cell "active_transfer_library:ACTIVE_TRANSFER_LIBRARY_INST|endpoint_registers:ENDPOINT_REGISTERS_INST|length_from_device[0]~ICOMBOUT"
    Info (17048): Logic cell "active_transfer:ACTIVE_TRANSFER_INST_2|transfer_to_device[2]~reg0_ICOMBOUT"
    Info (17048): Logic cell "active_transfer:ACTIVE_TRANSFER_INST_2|state_in[3]~ICOMBOUT"
    Info (17048): Logic cell "active_control_register:ACTIVE_CONTROL_REG_INST|CONTROL_REGISTER[6]~reg0_ICOMBOUT"
    Info (17048): Logic cell "active_control_register:ACTIVE_CONTROL_REG_INST|CONTROL_REGISTER[4]~reg0_ICOMBOUT"
    Info (17048): Logic cell "active_transfer_library:ACTIVE_TRANSFER_LIBRARY_INST|endpoint_registers:ENDPOINT_REGISTERS_INST|control_multiplexor[2]~ICOMBOUT"
    Info (17048): Logic cell "active_transfer_library:ACTIVE_TRANSFER_LIBRARY_INST|endpoint_registers:ENDPOINT_REGISTERS_INST|control_multiplexor[0]~ICOMBOUT"
    Info (17048): Logic cell "active_transfer_library:ACTIVE_TRANSFER_LIBRARY_INST|endpoint_registers:ENDPOINT_REGISTERS_INST|control_multiplexor[1]~ICOMBOUT"
    Info (17048): Logic cell "active_transfer:ACTIVE_TRANSFER_INST_1|transfer_to_device[2]~reg0_ICOMBOUT"
    Info (17048): Logic cell "active_transfer:ACTIVE_TRANSFER_INST_1|uc_out~8"
    Info (17048): Logic cell "active_transfer_library:ACTIVE_TRANSFER_LIBRARY_INST|endpoint_registers:ENDPOINT_REGISTERS_INST|address_from_device[0]~ICOMBOUT"
    Info (17048): Logic cell "active_transfer_library:ACTIVE_TRANSFER_LIBRARY_INST|endpoint_registers:ENDPOINT_REGISTERS_INST|payload_from_device[0]~ICOMBOUT"
    Info (17048): Logic cell "active_transfer:ACTIVE_TRANSFER_INST_2|uc_out~9"
    Info (17048): Logic cell "active_transfer_library:ACTIVE_TRANSFER_LIBRARY_INST|endpoint_registers:ENDPOINT_REGISTERS_INST|address_from_device[1]~ICOMBOUT"
    Info (17048): Logic cell "active_transfer_library:ACTIVE_TRANSFER_LIBRARY_INST|endpoint_registers:ENDPOINT_REGISTERS_INST|payload_from_device[1]~ICOMBOUT"
    Info (17048): Logic cell "active_transfer_library:ACTIVE_TRANSFER_LIBRARY_INST|endpoint_registers:ENDPOINT_REGISTERS_INST|address_from_device[2]~ICOMBOUT"
    Info (17048): Logic cell "active_transfer_library:ACTIVE_TRANSFER_LIBRARY_INST|endpoint_registers:ENDPOINT_REGISTERS_INST|payload_from_device[2]~ICOMBOUT"
    Info (17048): Logic cell "active_transfer_library:ACTIVE_TRANSFER_LIBRARY_INST|endpoint_registers:ENDPOINT_REGISTERS_INST|payload_from_device[3]~ICOMBOUT"
    Info (17048): Logic cell "active_transfer_library:ACTIVE_TRANSFER_LIBRARY_INST|endpoint_registers:ENDPOINT_REGISTERS_INST|payload_from_device[4]~ICOMBOUT"
    Info (17048): Logic cell "active_transfer_library:ACTIVE_TRANSFER_LIBRARY_INST|endpoint_registers:ENDPOINT_REGISTERS_INST|payload_from_device[5]~ICOMBOUT"
    Info (17048): Logic cell "active_transfer_library:ACTIVE_TRANSFER_LIBRARY_INST|endpoint_registers:ENDPOINT_REGISTERS_INST|payload_from_device[6]~ICOMBOUT"
    Info (17048): Logic cell "active_transfer_library:ACTIVE_TRANSFER_LIBRARY_INST|endpoint_registers:ENDPOINT_REGISTERS_INST|payload_from_device[7]~ICOMBOUT"
    Info (17048): Logic cell "active_control_register:ACTIVE_CONTROL_REG_INST|CONTROL_REGISTER[0]~reg0_ICOMBOUT"
    Info (17048): Logic cell "active_transfer:ACTIVE_TRANSFER_INST_1|state_in[3]~ICOMBOUT"
Info (144001): Generated suppressed messages file C:/Jolly/Products/Earth People Technology/DUEPROLOGIC_USB_FPGA_PROJECT_1.2_DVD/Projects_HDL/EPT_4CE6_AF_Transfer_Demo/EPT_4CE6_AF_D1_Top/output_files/EPT_4CE6_AF_D1_Top.map.smsg
Info (16010): Generating hard_block partition "hard_block:auto_generated_inst"
    Info (16011): Adding 0 node(s), including 0 DDIO, 0 PLL, 0 transceiver and 0 LCELL
Warning (21074): Design contains 15 input pin(s) that do not drive logic
    Warning (15610): No output dependent on input pin "XIO_2_IN[0]"
    Warning (15610): No output dependent on input pin "XIO_2_IN[1]"
    Warning (15610): No output dependent on input pin "XIO_2_IN[2]"
    Warning (15610): No output dependent on input pin "XIO_2_IN[3]"
    Warning (15610): No output dependent on input pin "XIO_2_IN[4]"
    Warning (15610): No output dependent on input pin "XIO_7[0]"
    Warning (15610): No output dependent on input pin "XIO_7[1]"
    Warning (15610): No output dependent on input pin "XIO_7[2]"
    Warning (15610): No output dependent on input pin "XIO_7[3]"
    Warning (15610): No output dependent on input pin "XIO_7[4]"
    Warning (15610): No output dependent on input pin "XIO_7[5]"
    Warning (15610): No output dependent on input pin "SD_DATA[0]"
    Warning (15610): No output dependent on input pin "SD_DATA[1]"
    Warning (15610): No output dependent on input pin "SD_DATA[2]"
    Warning (15610): No output dependent on input pin "SD_DATA[3]"
Info (21057): Implemented 873 device resources after synthesis - the final resource count might be different
    Info (21058): Implemented 21 input pins
    Info (21059): Implemented 57 output pins
    Info (21060): Implemented 8 bidirectional pins
    Info (21061): Implemented 779 logic cells
    Info (21064): Implemented 8 RAM segments
Info: Quartus II 64-Bit Analysis & Synthesis was successful. 0 errors, 42 warnings
    Info: Peak virtual memory: 684 megabytes
    Info: Processing ended: Mon Nov 02 14:19:02 2015
    Info: Elapsed time: 00:00:23
    Info: Total CPU time (on all processors): 00:00:41


+------------------------------------------+
; Analysis & Synthesis Suppressed Messages ;
+------------------------------------------+
The suppressed messages can be found in C:/Jolly/Products/Earth People Technology/DUEPROLOGIC_USB_FPGA_PROJECT_1.2_DVD/Projects_HDL/EPT_4CE6_AF_Transfer_Demo/EPT_4CE6_AF_D1_Top/output_files/EPT_4CE6_AF_D1_Top.map.smsg.


